2025-02-14 14:04:55,093 - INFO - root - Start...
2025-02-14 14:04:55,094 - INFO - root - Loading and Preparing Data
2025-02-14 14:04:56,088 - INFO - root - 
seq_len and span_width stats, use these to tune max_seq_len and max_span_widths....
-------------------------------
seq_len stats (max, mean, sd): 118, 29.05, 16.44
span_width stats (max, mean, sd): 13, 1.86, 1.03
-------------------------------
2025-02-14 14:04:56,088 - WARNING - root - WARNING!! Can not import 0.02% of the annotated spans (1 spans) due to max_seq_len and max_span_lenght limits.
These spans and associated relations will be ignored, you should assess whether this is a significant issue or not.
-------------------------------
2025-02-14 14:04:56,089 - INFO - root - 
"train_obs881_span2_12_25"
2025-02-14 14:04:56,393 - INFO - root - Making the Dataloaders
2025-02-14 14:04:56,430 - INFO - root - Configs Snapshot:
{
    "accumulation_steps"          : 10,
    "app_path"                    : "/content/drive/Othercomputers/Laptop/0a.Nathan Model",
    "clear_tensor_steps"          : 5,
    "data_format"                 : "idx",
    "data_path"                   : "data/conll04 - spert/conll04_nathan.json",
    "device"                      : "cuda",
    "dropout"                     : 0.1,
    "dump_missed_spans_on_import" : true,
    "edge_keep_thd"               : 0.5,
    "eval_batch_size"             : 1,
    "eval_every"                  : 20,
    "f1_ave"                      : "micro",
    "ffn_ratio"                   : 4,
    "filter_dropout"              : false,
    "freeze_encoder"              : false,
    "graph_force_pos"             : false,
    "graph_id_method"             : "add",
    "graph_prune_loc"             : "pre_loss",
    "hidden_size"                 : 768,
    "id_to_r"                     : {
        "0"                       : "Kill",
        "1"                       : "Live_In",
        "2"                       : "Located_In",
        "3"                       : "OrgBased_In",
        "4"                       : "Work_For"
    },
    "id_to_s"                     : {
        "0"                       : "none",
        "1"                       : "Loc",
        "2"                       : "Org",
        "3"                       : "Other",
        "4"                       : "Peop"
    },
    "log_folder"                  : "logs",
    "lost_rel_alpha"              : 1,
    "lost_rel_penalty_incr"       : {},
    "lr_encoder"                  : "1e-5",
    "lr_others"                   : "5e-5",
    "max_seq_len"                 : 130,
    "max_span_width"              : 12,
    "max_top_k_rels"              : 100,
    "max_top_k_spans"             : 64,
    "min_neg_sample_limit"        : 100,
    "model_name"                  : "bert-base-uncased",
    "model_path"                  : "none",
    "model_source"                : "HF",
    "neg_sample_rate"             : 10,
    "node_keep_thd"               : 0.5,
    "num_heads"                   : 4,
    "num_precision"               : "half",
    "num_rel_types"               : 5,
    "num_span_types"              : 5,
    "num_steps"                   : 30000,
    "num_transformer_layers"      : 2,
    "pos_force_step_limit"        : "none",
    "predict_conf"                : false,
    "predict_thd"                 : 0.5,
    "print_log"                   : true,
    "projection_layer_type"       : "simple",
    "r_to_id"                     : {
        "Kill"                    : 0,
        "Live_In"                 : 1,
        "Located_In"              : 2,
        "OrgBased_In"             : 3,
        "Work_For"                : 4
    },
    "rel_context_pooling"         : "max",
    "rel_force_pos"               : false,
    "rel_labels"                  : "multilabel",
    "rel_mode"                    : "between_context",
    "rel_no_context_rep"          : "emb",
    "rel_score_percentile"        : 50,
    "rel_types"                   : [
        "Kill",
        "Live_In",
        "Located_In",
        "OrgBased_In",
        "Work_For"
    ],
    "rel_window_size"             : 10,
    "run_type"                    : "train",
    "s_to_id"                     : {
        "Loc"                     : 1,
        "Org"                     : 2,
        "Other"                   : 3,
        "Peop"                    : 4,
        "none"                    : 0
    },
    "save_top_k"                  : 1,
    "scheduler_type"              : "cosine",
    "shuffle_train"               : false,
    "span_force_pos"              : true,
    "span_labels"                 : "unilabel",
    "span_mode"                   : "spert",
    "span_types"                  : [
        "none",
        "Loc",
        "Org",
        "Other",
        "Peop"
    ],
    "subtoken_pooling"            : "none",
    "train_batch_size"            : 1,
    "use_graph"                   : false,
    "use_graph_reps"              : true,
    "use_lstm"                    : false,
    "use_prompt"                  : false,
    "use_span_pos_encoding"       : false,
    "warmup_ratio"                : 0.1,
    "width_embedding_size"        : 100
}
2025-02-14 14:04:56,431 - INFO - root - Making the model
2025-02-14 14:05:05,760 - INFO - root - Starting the Train Loop
2025-02-14 14:05:08,175 - INFO - root - step: 0 | epoch: 0 | loss: 7987.39
2025-02-14 14:05:08,358 - INFO - root - step: 1 | epoch: 0 | loss: 8020.01
2025-02-14 14:05:08,527 - INFO - root - step: 2 | epoch: 0 | loss: 9781.67
2025-02-14 14:05:08,682 - INFO - root - step: 3 | epoch: 0 | loss: 6011.39
2025-02-14 14:05:09,567 - INFO - root - step: 4 | epoch: 0 | loss: 9288.55
2025-02-14 14:05:09,731 - INFO - root - step: 5 | epoch: 0 | loss: 9671.02
2025-02-14 14:05:09,908 - INFO - root - step: 6 | epoch: 0 | loss: 4426.73
2025-02-14 14:05:10,075 - INFO - root - step: 7 | epoch: 0 | loss: 8173.58
2025-02-14 14:05:10,247 - INFO - root - step: 8 | epoch: 0 | loss: 6975.81
2025-02-14 14:05:11,212 - INFO - root -  Applying accumulated gradients ...
2025-02-14 14:05:11,228 - INFO - root - step: 9 | epoch: 0 | loss: 9336.35
2025-02-14 14:05:11,377 - INFO - root - step: 10 | epoch: 0 | loss: 8726.11
2025-02-14 14:05:11,513 - INFO - root - step: 11 | epoch: 0 | loss: 3785.70
2025-02-14 14:05:11,668 - INFO - root - step: 12 | epoch: 0 | loss: 8480.34
2025-02-14 14:05:11,803 - INFO - root - step: 13 | epoch: 0 | loss: 2135.68
2025-02-14 14:05:12,707 - INFO - root - step: 14 | epoch: 0 | loss: 9003.44
2025-02-14 14:05:12,847 - INFO - root - step: 15 | epoch: 0 | loss: 6324.46
2025-02-14 14:05:13,001 - INFO - root - step: 16 | epoch: 0 | loss: 4306.11
2025-02-14 14:05:13,145 - INFO - root - step: 17 | epoch: 0 | loss: 5601.30
2025-02-14 14:05:13,296 - INFO - root - step: 18 | epoch: 0 | loss: 5827.71
2025-02-14 14:05:14,383 - INFO - root -  Applying accumulated gradients ...
2025-02-14 14:05:14,394 - INFO - root - step: 19 | epoch: 0 | loss: 5402.79
2025-02-14 14:05:29,466 - INFO - root - Eval_type: interim_val 
-------------------------------
Span Metrics:    S: 1261	Acc: 1.35%	P: 1.35%	R: 1.35%	F1: 1.35%
Rel Metrics:     S: 5744	Acc: 0.00%	P: 0.00%	R: 0.00%	F1: 0.00%
Rel_mod Metrics: S: 5742	Acc: 0.03%	P: 0.03%	R: 0.03%	F1: 0.03%
-------------------------------
2025-02-14 14:05:29,467 - INFO - root - Saving Checkpoints...
2025-02-14 14:05:31,482 - INFO - root - step: 20 | epoch: 0 | loss: 12440.81
2025-02-14 14:05:31,664 - INFO - root - step: 21 | epoch: 0 | loss: 7692.06
2025-02-14 14:05:31,847 - INFO - root - step: 22 | epoch: 0 | loss: 5679.54
2025-02-14 14:05:31,990 - INFO - root - step: 23 | epoch: 0 | loss: 1219.76
2025-02-14 14:05:32,885 - INFO - root - step: 24 | epoch: 0 | loss: 8241.41
2025-02-14 14:05:33,061 - INFO - root - step: 25 | epoch: 0 | loss: 7175.98
