2025-02-14 14:27:09,693 - INFO - root - Start...
2025-02-14 14:27:09,694 - INFO - root - Loading and Preparing Data
2025-02-14 14:27:09,735 - INFO - root - 
seq_len and span_width stats, use these to tune max_seq_len and max_span_widths....
-------------------------------
seq_len stats (max, mean, sd): 118, 29.05, 16.44
span_width stats (max, mean, sd): 13, 1.86, 1.03
-------------------------------
2025-02-14 14:27:09,736 - WARNING - root - WARNING!! Can not import 0.02% of the annotated spans (1 spans) due to max_seq_len and max_span_lenght limits.
These spans and associated relations will be ignored, you should assess whether this is a significant issue or not.
-------------------------------
2025-02-14 14:27:09,736 - INFO - root - 
"train_obs881_span2_12_25"
2025-02-14 14:27:09,984 - INFO - root - Making the Dataloaders
2025-02-14 14:27:10,007 - INFO - root - Configs Snapshot:
{
    "accumulation_steps"          : 10,
    "app_path"                    : "/content/drive/Othercomputers/Laptop/0a.Nathan Model",
    "clear_tensor_steps"          : 5,
    "data_format"                 : "idx",
    "data_path"                   : "data/conll04 - spert/conll04_nathan.json",
    "device"                      : "cuda",
    "dropout"                     : 0.1,
    "dump_missed_spans_on_import" : true,
    "edge_keep_thd"               : 0.5,
    "eval_batch_size"             : 2,
    "eval_every"                  : 20,
    "f1_ave"                      : "micro",
    "ffn_ratio"                   : 4,
    "filter_dropout"              : false,
    "freeze_encoder"              : false,
    "graph_force_pos"             : false,
    "graph_id_method"             : "add",
    "graph_prune_loc"             : "pre_loss",
    "hidden_size"                 : 768,
    "id_to_r"                     : {
        "0"                       : "Kill",
        "1"                       : "Live_In",
        "2"                       : "Located_In",
        "3"                       : "OrgBased_In",
        "4"                       : "Work_For"
    },
    "id_to_s"                     : {
        "0"                       : "none",
        "1"                       : "Loc",
        "2"                       : "Org",
        "3"                       : "Other",
        "4"                       : "Peop"
    },
    "log_folder"                  : "logs",
    "lost_rel_alpha"              : 1,
    "lost_rel_penalty_incr"       : {},
    "lr_encoder"                  : "1e-5",
    "lr_others"                   : "5e-5",
    "max_seq_len"                 : 130,
    "max_span_width"              : 12,
    "max_top_k_rels"              : 100,
    "max_top_k_spans"             : 64,
    "min_neg_sample_limit"        : 100,
    "model_name"                  : "bert-base-uncased",
    "model_path"                  : "none",
    "model_source"                : "HF",
    "neg_sample_rate"             : 10,
    "node_keep_thd"               : 0.5,
    "num_heads"                   : 4,
    "num_precision"               : "half",
    "num_rel_types"               : 5,
    "num_span_types"              : 5,
    "num_steps"                   : 30000,
    "num_transformer_layers"      : 2,
    "pos_force_step_limit"        : "none",
    "predict_conf"                : false,
    "predict_thd"                 : 0.5,
    "print_log"                   : true,
    "projection_layer_type"       : "simple",
    "r_to_id"                     : {
        "Kill"                    : 0,
        "Live_In"                 : 1,
        "Located_In"              : 2,
        "OrgBased_In"             : 3,
        "Work_For"                : 4
    },
    "rel_context_pooling"         : "max",
    "rel_force_pos"               : false,
    "rel_labels"                  : "multilabel",
    "rel_mode"                    : "between_context",
    "rel_no_context_rep"          : "emb",
    "rel_score_percentile"        : 50,
    "rel_types"                   : [
        "Kill",
        "Live_In",
        "Located_In",
        "OrgBased_In",
        "Work_For"
    ],
    "rel_window_size"             : 10,
    "run_type"                    : "train",
    "s_to_id"                     : {
        "Loc"                     : 1,
        "Org"                     : 2,
        "Other"                   : 3,
        "Peop"                    : 4,
        "none"                    : 0
    },
    "save_top_k"                  : 1,
    "scheduler_type"              : "cosine",
    "shuffle_train"               : false,
    "span_force_pos"              : true,
    "span_labels"                 : "unilabel",
    "span_mode"                   : "spert",
    "span_types"                  : [
        "none",
        "Loc",
        "Org",
        "Other",
        "Peop"
    ],
    "subtoken_pooling"            : "none",
    "train_batch_size"            : 2,
    "use_graph"                   : false,
    "use_graph_reps"              : true,
    "use_lstm"                    : false,
    "use_prompt"                  : false,
    "use_span_pos_encoding"       : false,
    "warmup_ratio"                : 0.1,
    "width_embedding_size"        : 100
}
2025-02-14 14:27:10,007 - INFO - root - Making the model
2025-02-14 14:27:11,938 - INFO - root - Starting the Train Loop
2025-02-14 14:27:12,746 - INFO - root - step: 0 | epoch: 0 | loss: 8001.08
2025-02-14 14:27:12,954 - INFO - root - step: 1 | epoch: 0 | loss: 6707.51
2025-02-14 14:27:13,142 - INFO - root - step: 2 | epoch: 0 | loss: 12096.15
2025-02-14 14:27:13,350 - INFO - root - step: 3 | epoch: 0 | loss: 9231.33
2025-02-14 14:27:14,513 - INFO - root - step: 4 | epoch: 0 | loss: 4274.31
2025-02-14 14:27:14,749 - INFO - root - step: 5 | epoch: 0 | loss: 7667.73
2025-02-14 14:27:14,986 - INFO - root - step: 6 | epoch: 0 | loss: 4679.82
2025-02-14 14:27:15,201 - INFO - root - step: 7 | epoch: 0 | loss: 4830.95
2025-02-14 14:27:15,416 - INFO - root - step: 8 | epoch: 0 | loss: 6996.88
2025-02-14 14:27:16,587 - INFO - root -  Applying accumulated gradients ...
2025-02-14 14:27:16,599 - INFO - root - step: 9 | epoch: 0 | loss: 7737.53
2025-02-14 14:27:16,840 - INFO - root - step: 10 | epoch: 0 | loss: 5664.42
2025-02-14 14:27:17,043 - INFO - root - step: 11 | epoch: 0 | loss: 3142.80
2025-02-14 14:27:17,225 - INFO - root - step: 12 | epoch: 0 | loss: 7413.73
2025-02-14 14:27:17,439 - INFO - root - step: 13 | epoch: 0 | loss: 3215.83
2025-02-14 14:27:18,400 - INFO - root - step: 14 | epoch: 0 | loss: 8820.51
2025-02-14 14:27:18,580 - INFO - root - step: 15 | epoch: 0 | loss: 5707.70
2025-02-14 14:27:18,759 - INFO - root - step: 16 | epoch: 0 | loss: 7856.75
2025-02-14 14:27:18,979 - INFO - root - step: 17 | epoch: 0 | loss: 7815.76
2025-02-14 14:27:19,178 - INFO - root - step: 18 | epoch: 0 | loss: 8250.81
2025-02-14 14:27:20,099 - INFO - root -  Applying accumulated gradients ...
2025-02-14 14:27:20,107 - INFO - root - step: 19 | epoch: 0 | loss: 11571.63
2025-02-14 14:27:39,942 - INFO - root - Eval_type: interim_val 
-------------------------------
Span Metrics:    S: 2401	Acc: 1.08%	P: 1.08%	R: 1.08%	F1: 1.08%
Rel Metrics:     S: 13129	Acc: 0.00%	P: 0.00%	R: 0.00%	F1: 0.00%
Rel_mod Metrics: S: 13126	Acc: 0.02%	P: 0.02%	R: 0.02%	F1: 0.02%
-------------------------------
2025-02-14 14:27:40,212 - INFO - root - step: 20 | epoch: 0 | loss: 8421.13
2025-02-14 14:27:40,461 - INFO - root - step: 21 | epoch: 0 | loss: 8234.50
2025-02-14 14:27:40,651 - INFO - root - step: 22 | epoch: 0 | loss: 793.11
2025-02-14 14:27:41,005 - INFO - root - step: 23 | epoch: 0 | loss: 5690.66
2025-02-14 14:27:42,239 - INFO - root - step: 24 | epoch: 0 | loss: 5725.53
2025-02-14 14:27:42,506 - INFO - root - step: 25 | epoch: 0 | loss: 5705.61
