2025-02-14 22:45:21,812 - INFO - root - Start...
2025-02-14 22:45:21,812 - INFO - root - Loading and Preparing Data
2025-02-14 22:45:21,876 - INFO - root - 
seq_len and span_width stats, use these to tune max_seq_len and max_span_widths....
-------------------------------
seq_len stats (max, mean, sd): 118, 29.05, 16.44
span_width stats (max, mean, sd): 13, 1.86, 1.03
-------------------------------
2025-02-14 22:45:21,876 - WARNING - root - WARNING!! Can not import 0.02% of the annotated spans (1 spans) due to max_seq_len and max_span_lenght limits.
These spans and associated relations will be ignored, you should assess whether this is a significant issue or not.
-------------------------------
2025-02-14 22:45:21,876 - INFO - root - 
"train_obs881_span2_12_25"
2025-02-14 22:45:22,513 - INFO - root - Making the Dataloaders
2025-02-14 22:45:22,623 - INFO - root - Configs Snapshot:
{
    "accumulation_steps"          : 10,
    "app_path"                    : "d:\\A.Nathan\\1a.UWA24-Hons\\Honours Project\\0a.Code\\0a.Nathan Model",
    "clear_tensor_steps"          : 5,
    "data_format"                 : "idx",
    "data_path"                   : "data/conll04 - spert/conll04_nathan.json",
    "device"                      : "cuda",
    "dropout"                     : 0.1,
    "dump_missed_spans_on_import" : true,
    "edge_keep_thd"               : 0.5,
    "eval_batch_size"             : 1,
    "eval_every"                  : 20,
    "f1_ave"                      : "micro",
    "ffn_ratio"                   : 4,
    "filter_dropout"              : false,
    "freeze_encoder"              : false,
    "graph_force_pos"             : false,
    "graph_id_method"             : "add",
    "graph_prune_loc"             : "pre_loss",
    "hidden_size"                 : 768,
    "id_to_r"                     : {
        "0"                       : "Kill",
        "1"                       : "Live_In",
        "2"                       : "Located_In",
        "3"                       : "OrgBased_In",
        "4"                       : "Work_For"
    },
    "id_to_s"                     : {
        "0"                       : "none",
        "1"                       : "Loc",
        "2"                       : "Org",
        "3"                       : "Other",
        "4"                       : "Peop"
    },
    "log_folder"                  : "logs",
    "lost_rel_alpha"              : 1,
    "lost_rel_penalty_incr"       : {},
    "lr_encoder"                  : "1e-5",
    "lr_others"                   : "5e-5",
    "max_seq_len"                 : 130,
    "max_span_width"              : 12,
    "max_top_k_rels"              : 100,
    "max_top_k_spans"             : 64,
    "min_neg_sample_limit"        : 100,
    "model_name"                  : "bert-base-uncased",
    "model_path"                  : "none",
    "model_source"                : "HF",
    "neg_sample_rate"             : 10,
    "node_keep_thd"               : 0.5,
    "num_heads"                   : 4,
    "num_precision"               : "half",
    "num_rel_types"               : 5,
    "num_span_types"              : 5,
    "num_steps"                   : 30000,
    "num_transformer_layers"      : 2,
    "pos_force_step_limit"        : "none",
    "predict_conf"                : false,
    "predict_thd"                 : 0.5,
    "print_log"                   : true,
    "projection_layer_type"       : "simple",
    "r_to_id"                     : {
        "Kill"                    : 0,
        "Live_In"                 : 1,
        "Located_In"              : 2,
        "OrgBased_In"             : 3,
        "Work_For"                : 4
    },
    "rel_context_pooling"         : "max",
    "rel_force_pos"               : false,
    "rel_labels"                  : "multilabel",
    "rel_mode"                    : "between_context",
    "rel_no_context_rep"          : "emb",
    "rel_score_percentile"        : 50,
    "rel_types"                   : [
        "Kill",
        "Live_In",
        "Located_In",
        "OrgBased_In",
        "Work_For"
    ],
    "rel_window_size"             : 10,
    "run_type"                    : "train",
    "s_to_id"                     : {
        "Loc"                     : 1,
        "Org"                     : 2,
        "Other"                   : 3,
        "Peop"                    : 4,
        "none"                    : 0
    },
    "save_top_k"                  : 1,
    "scheduler_type"              : "cosine",
    "shuffle_train"               : false,
    "span_force_pos"              : true,
    "span_labels"                 : "unilabel",
    "span_mode"                   : "spert",
    "span_types"                  : [
        "none",
        "Loc",
        "Org",
        "Other",
        "Peop"
    ],
    "subtoken_pooling"            : "none",
    "train_batch_size"            : 1,
    "use_graph"                   : false,
    "use_graph_reps"              : true,
    "use_lstm"                    : false,
    "use_prompt"                  : false,
    "use_span_pos_encoding"       : false,
    "warmup_ratio"                : 0.1,
    "width_embedding_size"        : 100
}
2025-02-14 22:45:22,626 - INFO - root - Making the model
2025-02-14 22:45:29,963 - INFO - root - Starting the Train Loop
2025-02-14 22:45:34,937 - INFO - root - step: 0 | epoch: 0 | loss: 3350.96
2025-02-14 22:45:36,075 - INFO - root - step: 1 | epoch: 0 | loss: 4327.25
2025-02-14 22:45:36,974 - INFO - root - step: 2 | epoch: 0 | loss: 2336.72
2025-02-14 22:45:37,801 - INFO - root - step: 3 | epoch: 0 | loss: 2000.15
2025-02-14 22:45:38,904 - INFO - root - step: 4 | epoch: 0 | loss: 3175.51
2025-02-14 22:45:39,981 - INFO - root - step: 5 | epoch: 0 | loss: 1527.69
2025-02-14 22:45:41,003 - INFO - root - step: 6 | epoch: 0 | loss: 5454.88
2025-02-14 22:45:41,925 - INFO - root - step: 7 | epoch: 0 | loss: 1367.53
2025-02-14 22:45:43,022 - INFO - root - step: 8 | epoch: 0 | loss: 3436.21
2025-02-14 22:45:48,101 - INFO - root -  Applying accumulated gradients ...
2025-02-14 22:45:48,337 - INFO - root - step: 9 | epoch: 0 | loss: 4234.82
2025-02-14 22:45:49,615 - INFO - root - step: 10 | epoch: 0 | loss: 4610.61
2025-02-14 22:45:51,592 - INFO - root - step: 11 | epoch: 0 | loss: 2529.93
2025-02-14 22:45:54,645 - INFO - root - step: 12 | epoch: 0 | loss: 3132.42
2025-02-14 22:45:56,736 - INFO - root - step: 13 | epoch: 0 | loss: 890.55
2025-02-14 22:45:59,548 - INFO - root - step: 14 | epoch: 0 | loss: 3265.59
2025-02-14 22:46:01,716 - INFO - root - step: 15 | epoch: 0 | loss: 3682.11
2025-02-14 22:46:03,818 - INFO - root - step: 16 | epoch: 0 | loss: 1302.33
2025-02-14 22:46:06,282 - INFO - root - step: 17 | epoch: 0 | loss: 1418.42
2025-02-14 22:46:08,883 - INFO - root - step: 18 | epoch: 0 | loss: 2228.11
2025-02-14 22:46:12,448 - INFO - root -  Applying accumulated gradients ...
2025-02-14 22:46:12,660 - INFO - root - step: 19 | epoch: 0 | loss: 2795.74
2025-02-14 22:46:50,402 - INFO - root - Eval_type: interim_val 
-------------------------------
Span Metrics:    S: 1366	Acc: 0.81%	P: 0.81%	R: 0.81%	F1: 0.81%
Rel Metrics:     S: 3653	Acc: 0.00%	P: 0.00%	R: 0.00%	F1: 0.00%
Rel_mod Metrics: S: 3653	Acc: 0.00%	P: 0.00%	R: 0.00%	F1: 0.00%
-------------------------------
2025-02-14 22:46:53,476 - INFO - root - step: 20 | epoch: 0 | loss: 2149.06
2025-02-14 22:46:56,205 - INFO - root - step: 21 | epoch: 0 | loss: 2386.65
2025-02-14 22:46:59,181 - INFO - root - step: 22 | epoch: 0 | loss: 5173.55
2025-02-14 22:47:00,449 - INFO - root - step: 23 | epoch: 0 | loss: 933.04
2025-02-14 22:47:02,889 - INFO - root - step: 24 | epoch: 0 | loss: 3733.87
2025-02-14 22:47:05,777 - INFO - root - step: 25 | epoch: 0 | loss: 3943.50
